{"D:\\ResumeGit\\api\\badge.ts": {"path":"D:\\ResumeGit\\api\\badge.ts","statementMap":{"0":{"start":{"line":8,"column":14},"end":{"line":8,"column":null}},"1":{"start":{"line":9,"column":8},"end":{"line":9,"column":null}},"2":{"start":{"line":10,"column":2},"end":{"line":16,"column":null}},"3":{"start":{"line":11,"column":4},"end":{"line":15,"column":null}},"4":{"start":{"line":12,"column":6},"end":{"line":12,"column":null}},"5":{"start":{"line":17,"column":2},"end":{"line":17,"column":null}},"6":{"start":{"line":18,"column":2},"end":{"line":23,"column":null}}},"fnMap":{"0":{"name":"handler","decl":{"start":{"line":7,"column":30},"end":{"line":7,"column":38}},"loc":{"start":{"line":7,"column":95},"end":{"line":24,"column":null}},"line":7}},"branchMap":{"0":{"loc":{"start":{"line":10,"column":2},"end":{"line":16,"column":null}},"type":"if","locations":[{"start":{"line":10,"column":2},"end":{"line":16,"column":null}},{"start":{},"end":{}}],"line":10},"1":{"loc":{"start":{"line":12,"column":22},"end":{"line":12,"column":59}},"type":"binary-expr","locations":[{"start":{"line":12,"column":22},"end":{"line":12,"column":58}},{"start":{"line":12,"column":58},"end":{"line":12,"column":59}}],"line":12}},"s":{"0":5,"1":5,"2":5,"3":4,"4":4,"5":5,"6":5},"f":{"0":5},"b":{"0":[4,1],"1":[4,2]},"meta":{"lastBranch":2,"lastFunction":1,"lastStatement":7,"seen":{"f:7:30:7:38":0,"s:8:14:8:Infinity":0,"s:9:8:9:Infinity":1,"b:10:2:16:Infinity:undefined:undefined:undefined:undefined":0,"s:10:2:16:Infinity":2,"s:11:4:15:Infinity":3,"s:12:6:12:Infinity":4,"b:12:22:12:58:12:58:12:59":1,"s:17:2:17:Infinity":5,"s:18:2:23:Infinity":6},"fnNames":{}}}
,"D:\\ResumeGit\\api\\og.ts": {"path":"D:\\ResumeGit\\api\\og.ts","statementMap":{"0":{"start":{"line":7,"column":8},"end":{"line":7,"column":null}},"1":{"start":{"line":8,"column":2},"end":{"line":13,"column":null}},"2":{"start":{"line":9,"column":4},"end":{"line":9,"column":null}},"3":{"start":{"line":10,"column":4},"end":{"line":10,"column":null}},"4":{"start":{"line":11,"column":4},"end":{"line":11,"column":null}},"5":{"start":{"line":12,"column":4},"end":{"line":12,"column":null}},"6":{"start":{"line":14,"column":2},"end":{"line":14,"column":null}},"7":{"start":{"line":16,"column":2},"end":{"line":16,"column":null}},"8":{"start":{"line":17,"column":2},"end":{"line":17,"column":null}},"9":{"start":{"line":18,"column":2},"end":{"line":18,"column":null}}},"fnMap":{"0":{"name":"handler","decl":{"start":{"line":6,"column":24},"end":{"line":6,"column":32}},"loc":{"start":{"line":6,"column":80},"end":{"line":19,"column":null}},"line":6}},"branchMap":{"0":{"loc":{"start":{"line":8,"column":2},"end":{"line":13,"column":null}},"type":"if","locations":[{"start":{"line":8,"column":2},"end":{"line":13,"column":null}},{"start":{},"end":{}}],"line":8}},"s":{"0":2,"1":2,"2":1,"3":1,"4":1,"5":1,"6":1,"7":1,"8":1,"9":1},"f":{"0":2},"b":{"0":[1,1]},"meta":{"lastBranch":1,"lastFunction":1,"lastStatement":10,"seen":{"f:6:24:6:32":0,"s:7:8:7:Infinity":0,"b:8:2:13:Infinity:undefined:undefined:undefined:undefined":0,"s:8:2:13:Infinity":1,"s:9:4:9:Infinity":2,"s:10:4:10:Infinity":3,"s:11:4:11:Infinity":4,"s:12:4:12:Infinity":5,"s:14:2:14:Infinity":6,"s:16:2:16:Infinity":7,"s:17:2:17:Infinity":8,"s:18:2:18:Infinity":9},"fnNames":{}}}
,"D:\\ResumeGit\\api\\resume.ts": {"path":"D:\\ResumeGit\\api\\resume.ts","statementMap":{"0":{"start":{"line":10,"column":21},"end":{"line":13,"column":null}},"1":{"start":{"line":15,"column":2},"end":{"line":23,"column":null}},"2":{"start":{"line":16,"column":4},"end":{"line":22,"column":null}},"3":{"start":{"line":17,"column":6},"end":{"line":19,"column":null}},"4":{"start":{"line":18,"column":8},"end":{"line":18,"column":null}},"5":{"start":{"line":25,"column":2},"end":{"line":25,"column":null}},"6":{"start":{"line":29,"column":17},"end":{"line":29,"column":null}},"7":{"start":{"line":31,"column":2},"end":{"line":33,"column":null}},"8":{"start":{"line":34,"column":19},"end":{"line":34,"column":null}},"9":{"start":{"line":35,"column":19},"end":{"line":35,"column":null}},"10":{"start":{"line":38,"column":2},"end":{"line":38,"column":null}},"11":{"start":{"line":43,"column":14},"end":{"line":43,"column":null}},"12":{"start":{"line":44,"column":16},"end":{"line":44,"column":null}},"13":{"start":{"line":46,"column":8},"end":{"line":51,"column":null}},"14":{"start":{"line":47,"column":4},"end":{"line":51,"column":null}},"15":{"start":{"line":53,"column":2},"end":{"line":78,"column":null}},"16":{"start":{"line":87,"column":8},"end":{"line":87,"column":null}},"17":{"start":{"line":88,"column":14},"end":{"line":88,"column":null}},"18":{"start":{"line":90,"column":2},"end":{"line":96,"column":null}},"19":{"start":{"line":91,"column":4},"end":{"line":91,"column":null}},"20":{"start":{"line":92,"column":4},"end":{"line":92,"column":null}},"21":{"start":{"line":93,"column":4},"end":{"line":93,"column":null}},"22":{"start":{"line":94,"column":4},"end":{"line":94,"column":null}},"23":{"start":{"line":95,"column":4},"end":{"line":95,"column":null}},"24":{"start":{"line":98,"column":2},"end":{"line":105,"column":null}},"25":{"start":{"line":99,"column":4},"end":{"line":99,"column":null}},"26":{"start":{"line":100,"column":4},"end":{"line":100,"column":null}},"27":{"start":{"line":101,"column":4},"end":{"line":103,"column":null}},"28":{"start":{"line":104,"column":4},"end":{"line":104,"column":null}},"29":{"start":{"line":107,"column":2},"end":{"line":113,"column":null}},"30":{"start":{"line":108,"column":4},"end":{"line":112,"column":null}},"31":{"start":{"line":109,"column":6},"end":{"line":109,"column":null}},"32":{"start":{"line":115,"column":19},"end":{"line":115,"column":null}},"33":{"start":{"line":117,"column":2},"end":{"line":117,"column":null}},"34":{"start":{"line":119,"column":18},"end":{"line":119,"column":null}},"35":{"start":{"line":121,"column":2},"end":{"line":124,"column":null}},"36":{"start":{"line":126,"column":2},"end":{"line":126,"column":null}},"37":{"start":{"line":128,"column":2},"end":{"line":128,"column":null}},"38":{"start":{"line":129,"column":2},"end":{"line":129,"column":null}}},"fnMap":{"0":{"name":"loadPdf","decl":{"start":{"line":9,"column":9},"end":{"line":9,"column":34}},"loc":{"start":{"line":9,"column":34},"end":{"line":26,"column":null}},"line":9},"1":{"name":"buildPreviewHtml","decl":{"start":{"line":42,"column":9},"end":{"line":42,"column":26}},"loc":{"start":{"line":42,"column":50},"end":{"line":81,"column":null}},"line":42},"2":{"name":"(anonymous_2)","decl":{"start":{"line":46,"column":8},"end":{"line":46,"column":15}},"loc":{"start":{"line":47,"column":4},"end":{"line":51,"column":null}},"line":47},"3":{"name":"handler","decl":{"start":{"line":83,"column":30},"end":{"line":83,"column":null}},"loc":{"start":{"line":86,"column":17},"end":{"line":130,"column":null}},"line":86}},"branchMap":{"0":{"loc":{"start":{"line":17,"column":6},"end":{"line":19,"column":null}},"type":"if","locations":[{"start":{"line":17,"column":6},"end":{"line":19,"column":null}},{"start":{},"end":{}}],"line":17},"1":{"loc":{"start":{"line":90,"column":2},"end":{"line":96,"column":null}},"type":"if","locations":[{"start":{"line":90,"column":2},"end":{"line":96,"column":null}},{"start":{},"end":{}}],"line":90},"2":{"loc":{"start":{"line":90,"column":23},"end":{"line":90,"column":65}},"type":"binary-expr","locations":[{"start":{"line":90,"column":23},"end":{"line":90,"column":63}},{"start":{"line":90,"column":63},"end":{"line":90,"column":65}}],"line":90},"3":{"loc":{"start":{"line":98,"column":2},"end":{"line":105,"column":null}},"type":"if","locations":[{"start":{"line":98,"column":2},"end":{"line":105,"column":null}},{"start":{},"end":{}}],"line":98},"4":{"loc":{"start":{"line":107,"column":2},"end":{"line":113,"column":null}},"type":"if","locations":[{"start":{"line":107,"column":2},"end":{"line":113,"column":null}},{"start":{},"end":{}}],"line":107},"5":{"loc":{"start":{"line":115,"column":22},"end":{"line":115,"column":null}},"type":"binary-expr","locations":[{"start":{"line":115,"column":22},"end":{"line":115,"column":35}},{"start":{"line":115,"column":35},"end":{"line":115,"column":null}}],"line":115},"6":{"loc":{"start":{"line":123,"column":7},"end":{"line":123,"column":42}},"type":"cond-expr","locations":[{"start":{"line":123,"column":18},"end":{"line":123,"column":33}},{"start":{"line":123,"column":33},"end":{"line":123,"column":42}}],"line":123}},"s":{"0":10,"1":10,"2":16,"3":16,"4":4,"5":6,"6":1,"7":1,"8":1,"9":1,"10":1,"11":4,"12":4,"13":4,"14":28,"15":4,"16":10,"17":10,"18":10,"19":4,"20":4,"21":4,"22":4,"23":4,"24":6,"25":2,"26":2,"27":2,"28":2,"29":4,"30":1,"31":1,"32":4,"33":10,"34":10,"35":10,"36":10,"37":10,"38":10},"f":{"0":10,"1":4,"2":28,"3":10},"b":{"0":[4,12],"1":[4,6],"2":[10,6],"3":[2,4],"4":[1,3],"5":[4,2],"6":[1,3]},"meta":{"lastBranch":7,"lastFunction":4,"lastStatement":39,"seen":{"f:9:9:9:34":0,"s:10:21:13:Infinity":0,"s:15:2:23:Infinity":1,"s:16:4:22:Infinity":2,"b:17:6:19:Infinity:undefined:undefined:undefined:undefined":0,"s:17:6:19:Infinity":3,"s:18:8:18:Infinity":4,"s:25:2:25:Infinity":5,"s:29:17:29:Infinity":6,"s:31:2:33:Infinity":7,"s:34:19:34:Infinity":8,"s:35:19:35:Infinity":9,"s:38:2:38:Infinity":10,"f:42:9:42:26":1,"s:43:14:43:Infinity":11,"s:44:16:44:Infinity":12,"s:46:8:51:Infinity":13,"f:46:8:46:15":2,"s:47:4:51:Infinity":14,"s:53:2:78:Infinity":15,"f:83:30:83:Infinity":3,"s:87:8:87:Infinity":16,"s:88:14:88:Infinity":17,"b:90:2:96:Infinity:undefined:undefined:undefined:undefined":1,"s:90:2:96:Infinity":18,"b:90:23:90:63:90:63:90:65":2,"s:91:4:91:Infinity":19,"s:92:4:92:Infinity":20,"s:93:4:93:Infinity":21,"s:94:4:94:Infinity":22,"s:95:4:95:Infinity":23,"b:98:2:105:Infinity:undefined:undefined:undefined:undefined":3,"s:98:2:105:Infinity":24,"s:99:4:99:Infinity":25,"s:100:4:100:Infinity":26,"s:101:4:103:Infinity":27,"s:104:4:104:Infinity":28,"b:107:2:113:Infinity:undefined:undefined:undefined:undefined":4,"s:107:2:113:Infinity":29,"s:108:4:112:Infinity":30,"s:109:6:109:Infinity":31,"s:115:19:115:Infinity":32,"b:115:22:115:35:115:35:115:Infinity":5,"s:117:2:117:Infinity":33,"s:119:18:119:Infinity":34,"s:121:2:124:Infinity":35,"b:123:18:123:33:123:33:123:42":6,"s:126:2:126:Infinity":36,"s:128:2:128:Infinity":37,"s:129:2:129:Infinity":38},"fnNames":{}}}
,"D:\\ResumeGit\\api\\stats.ts": {"path":"D:\\ResumeGit\\api\\stats.ts","statementMap":{"0":{"start":{"line":6,"column":14},"end":{"line":6,"column":null}},"1":{"start":{"line":7,"column":8},"end":{"line":7,"column":null}},"2":{"start":{"line":8,"column":2},"end":{"line":14,"column":null}},"3":{"start":{"line":9,"column":4},"end":{"line":13,"column":null}},"4":{"start":{"line":10,"column":6},"end":{"line":10,"column":null}},"5":{"start":{"line":15,"column":2},"end":{"line":15,"column":null}},"6":{"start":{"line":16,"column":2},"end":{"line":16,"column":null}}},"fnMap":{"0":{"name":"handler","decl":{"start":{"line":5,"column":30},"end":{"line":5,"column":38}},"loc":{"start":{"line":5,"column":95},"end":{"line":17,"column":null}},"line":5}},"branchMap":{"0":{"loc":{"start":{"line":8,"column":2},"end":{"line":14,"column":null}},"type":"if","locations":[{"start":{"line":8,"column":2},"end":{"line":14,"column":null}},{"start":{},"end":{}}],"line":8},"1":{"loc":{"start":{"line":10,"column":22},"end":{"line":10,"column":59}},"type":"binary-expr","locations":[{"start":{"line":10,"column":22},"end":{"line":10,"column":58}},{"start":{"line":10,"column":58},"end":{"line":10,"column":59}}],"line":10}},"s":{"0":4,"1":4,"2":4,"3":3,"4":3,"5":4,"6":4},"f":{"0":4},"b":{"0":[3,1],"1":[3,1]},"meta":{"lastBranch":2,"lastFunction":1,"lastStatement":7,"seen":{"f:5:30:5:38":0,"s:6:14:6:Infinity":0,"s:7:8:7:Infinity":1,"b:8:2:14:Infinity:undefined:undefined:undefined:undefined":0,"s:8:2:14:Infinity":2,"s:9:4:13:Infinity":3,"s:10:6:10:Infinity":4,"b:10:22:10:58:10:58:10:59":1,"s:15:2:15:Infinity":5,"s:16:2:16:Infinity":6},"fnNames":{}}}
,"D:\\ResumeGit\\constants\\constants.ts": {"path":"D:\\ResumeGit\\constants\\constants.ts","statementMap":{"0":{"start":{"line":1,"column":33},"end":{"line":1,"column":null}}},"fnMap":{},"branchMap":{},"s":{"0":1},"f":{},"b":{},"meta":{"lastBranch":0,"lastFunction":0,"lastStatement":1,"seen":{"s:1:33:1:Infinity":0},"fnNames":{}}}
,"D:\\ResumeGit\\lib\\origin-from.ts": {"path":"D:\\ResumeGit\\lib\\origin-from.ts","statementMap":{"0":{"start":{"line":4,"column":8},"end":{"line":6,"column":null}},"1":{"start":{"line":8,"column":18},"end":{"line":8,"column":null}},"2":{"start":{"line":10,"column":4},"end":{"line":10,"column":null}}},"fnMap":{"0":{"name":"originFrom","decl":{"start":{"line":2,"column":16},"end":{"line":2,"column":27}},"loc":{"start":{"line":2,"column":55},"end":{"line":11,"column":null}},"line":2}},"branchMap":{"0":{"loc":{"start":{"line":4,"column":8},"end":{"line":6,"column":null}},"type":"binary-expr","locations":[{"start":{"line":4,"column":8},"end":{"line":4,"column":null}},{"start":{"line":5,"column":8},"end":{"line":5,"column":null}},{"start":{"line":6,"column":8},"end":{"line":6,"column":null}}],"line":4},"1":{"loc":{"start":{"line":8,"column":18},"end":{"line":8,"column":null}},"type":"binary-expr","locations":[{"start":{"line":8,"column":18},"end":{"line":8,"column":54}},{"start":{"line":8,"column":54},"end":{"line":8,"column":null}}],"line":8}},"s":{"0":7,"1":7,"2":7},"f":{"0":7},"b":{"0":[7,5,2],"1":[7,5]},"meta":{"lastBranch":2,"lastFunction":1,"lastStatement":3,"seen":{"f:2:16:2:27":0,"s:4:8:6:Infinity":0,"b:4:8:4:Infinity:5:8:5:Infinity:6:8:6:Infinity":0,"s:8:18:8:Infinity":1,"b:8:18:8:54:8:54:8:Infinity":1,"s:10:4:10:Infinity":2},"fnNames":{}}}
}
