{"D:\\ResumeGit\\api\\badge.ts": {"path":"D:\\ResumeGit\\api\\badge.ts","statementMap":{"0":{"start":{"line":8,"column":14},"end":{"line":8,"column":null}},"1":{"start":{"line":9,"column":8},"end":{"line":9,"column":null}},"2":{"start":{"line":10,"column":2},"end":{"line":16,"column":null}},"3":{"start":{"line":11,"column":4},"end":{"line":15,"column":null}},"4":{"start":{"line":12,"column":6},"end":{"line":12,"column":null}},"5":{"start":{"line":17,"column":2},"end":{"line":17,"column":null}},"6":{"start":{"line":18,"column":2},"end":{"line":23,"column":null}}},"fnMap":{"0":{"name":"handler","decl":{"start":{"line":7,"column":30},"end":{"line":7,"column":38}},"loc":{"start":{"line":7,"column":95},"end":{"line":24,"column":null}},"line":7}},"branchMap":{"0":{"loc":{"start":{"line":10,"column":2},"end":{"line":16,"column":null}},"type":"if","locations":[{"start":{"line":10,"column":2},"end":{"line":16,"column":null}},{"start":{},"end":{}}],"line":10},"1":{"loc":{"start":{"line":12,"column":22},"end":{"line":12,"column":59}},"type":"binary-expr","locations":[{"start":{"line":12,"column":22},"end":{"line":12,"column":58}},{"start":{"line":12,"column":58},"end":{"line":12,"column":59}}],"line":12}},"s":{"0":5,"1":5,"2":5,"3":4,"4":4,"5":5,"6":5},"f":{"0":5},"b":{"0":[4,1],"1":[4,2]},"meta":{"lastBranch":2,"lastFunction":1,"lastStatement":7,"seen":{"f:7:30:7:38":0,"s:8:14:8:Infinity":0,"s:9:8:9:Infinity":1,"b:10:2:16:Infinity:undefined:undefined:undefined:undefined":0,"s:10:2:16:Infinity":2,"s:11:4:15:Infinity":3,"s:12:6:12:Infinity":4,"b:12:22:12:58:12:58:12:59":1,"s:17:2:17:Infinity":5,"s:18:2:23:Infinity":6},"fnNames":{}}}
}
